<?xml version="1.0" encoding="UTF-8"?>
<testng-results skipped="0" failed="0" total="1" passed="1">
  <reporter-output>
  </reporter-output>
  <suite name="Default suite" duration-ms="14378" started-at="2019-06-29T17:31:10Z" finished-at="2019-06-29T17:31:25Z">
    <groups>
    </groups>
    <test name="Default test" duration-ms="14378" started-at="2019-06-29T17:31:10Z" finished-at="2019-06-29T17:31:25Z">
      <class name="workingwithwindowelement.Robotclassdownloding">
        <test-method status="PASS" signature="open()[pri:0, instance:workingwithwindowelement.Robotclassdownloding@9711b]" name="open" is-config="true" duration-ms="9027" started-at="2019-06-29T23:01:10Z" finished-at="2019-06-29T23:01:19Z">
          <reporter-output>
          </reporter-output>
        </test-method> <!-- open -->
        <test-method status="PASS" signature="data()[pri:0, instance:workingwithwindowelement.Robotclassdownloding@9711b]" name="data" duration-ms="5318" started-at="2019-06-29T23:01:19Z" finished-at="2019-06-29T23:01:25Z">
          <reporter-output>
          </reporter-output>
        </test-method> <!-- data -->
      </class> <!-- workingwithwindowelement.Robotclassdownloding -->
    </test> <!-- Default test -->
  </suite> <!-- Default suite -->
</testng-results>
